Starting ProductServiceImpTest on DESKTOP-VDFK1AB with PID 10680 (started by shen in F:\IDEA\wechatfood)
No active profile set, falling back to default profiles: default
Refreshing org.springframework.web.context.support.GenericWebApplicationContext@13d73f29: startup date [Thu Dec 06 18:08:39 CST 2018]; root of context hierarchy
HV000001: Hibernate Validator 5.3.5.Final
Multiple Spring Data modules found, entering strict repository configuration mode!
Multiple Spring Data modules found, entering strict repository configuration mode!
Spring Data Redis - Could not safely identify store assignment for repository candidate interface zju.edu.cn.wechatfood.DAO.OrderMasterDao.
Spring Data Redis - Could not safely identify store assignment for repository candidate interface zju.edu.cn.wechatfood.DAO.OrderDetailDao.
Spring Data Redis - Could not safely identify store assignment for repository candidate interface zju.edu.cn.wechatfood.DAO.ProductCategoryDao.
Spring Data Redis - Could not safely identify store assignment for repository candidate interface zju.edu.cn.wechatfood.DAO.ProductInfoDao.
JSR-330 'javax.inject.Inject' annotation found and supported for autowiring
Building JPA container EntityManagerFactory for persistence unit 'default'
HHH000204: Processing PersistenceUnitInfo [
	name: default
	...]
HHH000412: Hibernate Core {5.0.12.Final}
HHH000206: hibernate.properties not found
HHH000021: Bytecode provider name : javassist
HCANN000001: Hibernate Commons Annotations {5.0.1.Final}
HHH000400: Using dialect: org.hibernate.dialect.MySQL5Dialect
Initialized JPA EntityManagerFactory for persistence unit 'default'
Looking for @ControllerAdvice: org.springframework.web.context.support.GenericWebApplicationContext@13d73f29: startup date [Thu Dec 06 18:08:39 CST 2018]; root of context hierarchy
Mapped "{[/buyer/product/list],methods=[GET]}" onto public zju.edu.cn.wechatfood.VO.ResultVO zju.edu.cn.wechatfood.Controller.BuyerProductController.list()
Mapped "{[/error]}" onto public org.springframework.http.ResponseEntity<java.util.Map<java.lang.String, java.lang.Object>> org.springframework.boot.autoconfigure.web.BasicErrorController.error(javax.servlet.http.HttpServletRequest)
Mapped "{[/error],produces=[text/html]}" onto public org.springframework.web.servlet.ModelAndView org.springframework.boot.autoconfigure.web.BasicErrorController.errorHtml(javax.servlet.http.HttpServletRequest,javax.servlet.http.HttpServletResponse)
Mapped URL path [/webjars/**] onto handler of type [class org.springframework.web.servlet.resource.ResourceHttpRequestHandler]
Mapped URL path [/**] onto handler of type [class org.springframework.web.servlet.resource.ResourceHttpRequestHandler]
Mapped URL path [/**/favicon.ico] onto handler of type [class org.springframework.web.servlet.resource.ResourceHttpRequestHandler]
SpringTemplateLoader for FreeMarker: using resource loader [org.springframework.web.context.support.GenericWebApplicationContext@13d73f29: startup date [Thu Dec 06 18:08:39 CST 2018]; root of context hierarchy] and template loader path [classpath:/templates/]
ClassTemplateLoader for Spring macros added to FreeMarker configuration
Cannot find template location(s): [classpath:/templates/] (please add some templates, check your FreeMarker configuration, or set spring.freemarker.checkTemplateLocation=false)
Started ProductServiceImpTest in 21.13 seconds (JVM running for 26.534)
Closing org.springframework.web.context.support.GenericWebApplicationContext@13d73f29: startup date [Thu Dec 06 18:08:39 CST 2018]; root of context hierarchy
Closing JPA EntityManagerFactory for persistence unit 'default'
Starting ProductServiceImpTest on DESKTOP-VDFK1AB with PID 2296 (started by shen in F:\IDEA\wechatfood)
No active profile set, falling back to default profiles: default
Refreshing org.springframework.web.context.support.GenericWebApplicationContext@13d73f29: startup date [Thu Dec 06 18:11:59 CST 2018]; root of context hierarchy
HV000001: Hibernate Validator 5.3.5.Final
Multiple Spring Data modules found, entering strict repository configuration mode!
Multiple Spring Data modules found, entering strict repository configuration mode!
Spring Data Redis - Could not safely identify store assignment for repository candidate interface zju.edu.cn.wechatfood.DAO.OrderMasterDao.
Spring Data Redis - Could not safely identify store assignment for repository candidate interface zju.edu.cn.wechatfood.DAO.OrderDetailDao.
Spring Data Redis - Could not safely identify store assignment for repository candidate interface zju.edu.cn.wechatfood.DAO.ProductCategoryDao.
Spring Data Redis - Could not safely identify store assignment for repository candidate interface zju.edu.cn.wechatfood.DAO.ProductInfoDao.
JSR-330 'javax.inject.Inject' annotation found and supported for autowiring
Building JPA container EntityManagerFactory for persistence unit 'default'
HHH000204: Processing PersistenceUnitInfo [
	name: default
	...]
HHH000412: Hibernate Core {5.0.12.Final}
HHH000206: hibernate.properties not found
HHH000021: Bytecode provider name : javassist
HCANN000001: Hibernate Commons Annotations {5.0.1.Final}
HHH000400: Using dialect: org.hibernate.dialect.MySQL5Dialect
Initialized JPA EntityManagerFactory for persistence unit 'default'
Looking for @ControllerAdvice: org.springframework.web.context.support.GenericWebApplicationContext@13d73f29: startup date [Thu Dec 06 18:11:59 CST 2018]; root of context hierarchy
Mapped "{[/buyer/product/list],methods=[GET]}" onto public zju.edu.cn.wechatfood.VO.ResultVO zju.edu.cn.wechatfood.Controller.BuyerProductController.list()
Mapped "{[/error]}" onto public org.springframework.http.ResponseEntity<java.util.Map<java.lang.String, java.lang.Object>> org.springframework.boot.autoconfigure.web.BasicErrorController.error(javax.servlet.http.HttpServletRequest)
Mapped "{[/error],produces=[text/html]}" onto public org.springframework.web.servlet.ModelAndView org.springframework.boot.autoconfigure.web.BasicErrorController.errorHtml(javax.servlet.http.HttpServletRequest,javax.servlet.http.HttpServletResponse)
Mapped URL path [/webjars/**] onto handler of type [class org.springframework.web.servlet.resource.ResourceHttpRequestHandler]
Mapped URL path [/**] onto handler of type [class org.springframework.web.servlet.resource.ResourceHttpRequestHandler]
Mapped URL path [/**/favicon.ico] onto handler of type [class org.springframework.web.servlet.resource.ResourceHttpRequestHandler]
SpringTemplateLoader for FreeMarker: using resource loader [org.springframework.web.context.support.GenericWebApplicationContext@13d73f29: startup date [Thu Dec 06 18:11:59 CST 2018]; root of context hierarchy] and template loader path [classpath:/templates/]
ClassTemplateLoader for Spring macros added to FreeMarker configuration
Cannot find template location(s): [classpath:/templates/] (please add some templates, check your FreeMarker configuration, or set spring.freemarker.checkTemplateLocation=false)
Started ProductServiceImpTest in 14.803 seconds (JVM running for 17.049)
Closing org.springframework.web.context.support.GenericWebApplicationContext@13d73f29: startup date [Thu Dec 06 18:11:59 CST 2018]; root of context hierarchy
Closing JPA EntityManagerFactory for persistence unit 'default'
Starting ProductServiceImpTest on DESKTOP-VDFK1AB with PID 7056 (started by shen in F:\IDEA\wechatfood)
No active profile set, falling back to default profiles: default
Refreshing org.springframework.web.context.support.GenericWebApplicationContext@565f390: startup date [Thu Dec 06 18:18:02 CST 2018]; root of context hierarchy
HV000001: Hibernate Validator 5.3.5.Final
Multiple Spring Data modules found, entering strict repository configuration mode!
Multiple Spring Data modules found, entering strict repository configuration mode!
Spring Data Redis - Could not safely identify store assignment for repository candidate interface zju.edu.cn.wechatfood.DAO.OrderMasterDao.
Spring Data Redis - Could not safely identify store assignment for repository candidate interface zju.edu.cn.wechatfood.DAO.OrderDetailDao.
Spring Data Redis - Could not safely identify store assignment for repository candidate interface zju.edu.cn.wechatfood.DAO.ProductCategoryDao.
Spring Data Redis - Could not safely identify store assignment for repository candidate interface zju.edu.cn.wechatfood.DAO.ProductInfoDao.
JSR-330 'javax.inject.Inject' annotation found and supported for autowiring
Building JPA container EntityManagerFactory for persistence unit 'default'
HHH000204: Processing PersistenceUnitInfo [
	name: default
	...]
HHH000412: Hibernate Core {5.0.12.Final}
HHH000206: hibernate.properties not found
HHH000021: Bytecode provider name : javassist
HCANN000001: Hibernate Commons Annotations {5.0.1.Final}
HHH000400: Using dialect: org.hibernate.dialect.MySQL5Dialect
Initialized JPA EntityManagerFactory for persistence unit 'default'
Looking for @ControllerAdvice: org.springframework.web.context.support.GenericWebApplicationContext@565f390: startup date [Thu Dec 06 18:18:02 CST 2018]; root of context hierarchy
Mapped "{[/buyer/product/list],methods=[GET]}" onto public zju.edu.cn.wechatfood.VO.ResultVO zju.edu.cn.wechatfood.Controller.BuyerProductController.list()
Mapped "{[/error]}" onto public org.springframework.http.ResponseEntity<java.util.Map<java.lang.String, java.lang.Object>> org.springframework.boot.autoconfigure.web.BasicErrorController.error(javax.servlet.http.HttpServletRequest)
Mapped "{[/error],produces=[text/html]}" onto public org.springframework.web.servlet.ModelAndView org.springframework.boot.autoconfigure.web.BasicErrorController.errorHtml(javax.servlet.http.HttpServletRequest,javax.servlet.http.HttpServletResponse)
Mapped URL path [/webjars/**] onto handler of type [class org.springframework.web.servlet.resource.ResourceHttpRequestHandler]
Mapped URL path [/**] onto handler of type [class org.springframework.web.servlet.resource.ResourceHttpRequestHandler]
Mapped URL path [/**/favicon.ico] onto handler of type [class org.springframework.web.servlet.resource.ResourceHttpRequestHandler]
SpringTemplateLoader for FreeMarker: using resource loader [org.springframework.web.context.support.GenericWebApplicationContext@565f390: startup date [Thu Dec 06 18:18:02 CST 2018]; root of context hierarchy] and template loader path [classpath:/templates/]
ClassTemplateLoader for Spring macros added to FreeMarker configuration
Cannot find template location(s): [classpath:/templates/] (please add some templates, check your FreeMarker configuration, or set spring.freemarker.checkTemplateLocation=false)
Started ProductServiceImpTest in 16.399 seconds (JVM running for 19.078)
SQL Error: 1048, SQLState: 23000
HHH000010: On release of batch it still contained JDBC statements
Closing org.springframework.web.context.support.GenericWebApplicationContext@565f390: startup date [Thu Dec 06 18:18:02 CST 2018]; root of context hierarchy
Closing JPA EntityManagerFactory for persistence unit 'default'
Starting ProductServiceImpTest on DESKTOP-VDFK1AB with PID 9440 (started by shen in F:\IDEA\wechatfood)
No active profile set, falling back to default profiles: default
Refreshing org.springframework.web.context.support.GenericWebApplicationContext@565f390: startup date [Thu Dec 06 18:19:33 CST 2018]; root of context hierarchy
HV000001: Hibernate Validator 5.3.5.Final
Multiple Spring Data modules found, entering strict repository configuration mode!
Multiple Spring Data modules found, entering strict repository configuration mode!
Spring Data Redis - Could not safely identify store assignment for repository candidate interface zju.edu.cn.wechatfood.DAO.OrderMasterDao.
Spring Data Redis - Could not safely identify store assignment for repository candidate interface zju.edu.cn.wechatfood.DAO.OrderDetailDao.
Spring Data Redis - Could not safely identify store assignment for repository candidate interface zju.edu.cn.wechatfood.DAO.ProductCategoryDao.
Spring Data Redis - Could not safely identify store assignment for repository candidate interface zju.edu.cn.wechatfood.DAO.ProductInfoDao.
JSR-330 'javax.inject.Inject' annotation found and supported for autowiring
Building JPA container EntityManagerFactory for persistence unit 'default'
HHH000204: Processing PersistenceUnitInfo [
	name: default
	...]
HHH000412: Hibernate Core {5.0.12.Final}
HHH000206: hibernate.properties not found
HHH000021: Bytecode provider name : javassist
HCANN000001: Hibernate Commons Annotations {5.0.1.Final}
HHH000400: Using dialect: org.hibernate.dialect.MySQL5Dialect
Initialized JPA EntityManagerFactory for persistence unit 'default'
Looking for @ControllerAdvice: org.springframework.web.context.support.GenericWebApplicationContext@565f390: startup date [Thu Dec 06 18:19:33 CST 2018]; root of context hierarchy
Mapped "{[/buyer/product/list],methods=[GET]}" onto public zju.edu.cn.wechatfood.VO.ResultVO zju.edu.cn.wechatfood.Controller.BuyerProductController.list()
Mapped "{[/error]}" onto public org.springframework.http.ResponseEntity<java.util.Map<java.lang.String, java.lang.Object>> org.springframework.boot.autoconfigure.web.BasicErrorController.error(javax.servlet.http.HttpServletRequest)
Mapped "{[/error],produces=[text/html]}" onto public org.springframework.web.servlet.ModelAndView org.springframework.boot.autoconfigure.web.BasicErrorController.errorHtml(javax.servlet.http.HttpServletRequest,javax.servlet.http.HttpServletResponse)
Mapped URL path [/webjars/**] onto handler of type [class org.springframework.web.servlet.resource.ResourceHttpRequestHandler]
Mapped URL path [/**] onto handler of type [class org.springframework.web.servlet.resource.ResourceHttpRequestHandler]
Mapped URL path [/**/favicon.ico] onto handler of type [class org.springframework.web.servlet.resource.ResourceHttpRequestHandler]
SpringTemplateLoader for FreeMarker: using resource loader [org.springframework.web.context.support.GenericWebApplicationContext@565f390: startup date [Thu Dec 06 18:19:33 CST 2018]; root of context hierarchy] and template loader path [classpath:/templates/]
ClassTemplateLoader for Spring macros added to FreeMarker configuration
Cannot find template location(s): [classpath:/templates/] (please add some templates, check your FreeMarker configuration, or set spring.freemarker.checkTemplateLocation=false)
Started ProductServiceImpTest in 17.266 seconds (JVM running for 19.806)
Closing org.springframework.web.context.support.GenericWebApplicationContext@565f390: startup date [Thu Dec 06 18:19:33 CST 2018]; root of context hierarchy
Closing JPA EntityManagerFactory for persistence unit 'default'
Starting ProductServiceImpTest on DESKTOP-VDFK1AB with PID 1860 (started by shen in F:\IDEA\wechatfood)
No active profile set, falling back to default profiles: default
Refreshing org.springframework.web.context.support.GenericWebApplicationContext@565f390: startup date [Thu Dec 06 18:20:31 CST 2018]; root of context hierarchy
HV000001: Hibernate Validator 5.3.5.Final
Multiple Spring Data modules found, entering strict repository configuration mode!
Multiple Spring Data modules found, entering strict repository configuration mode!
Spring Data Redis - Could not safely identify store assignment for repository candidate interface zju.edu.cn.wechatfood.DAO.OrderMasterDao.
Spring Data Redis - Could not safely identify store assignment for repository candidate interface zju.edu.cn.wechatfood.DAO.OrderDetailDao.
Spring Data Redis - Could not safely identify store assignment for repository candidate interface zju.edu.cn.wechatfood.DAO.ProductCategoryDao.
Spring Data Redis - Could not safely identify store assignment for repository candidate interface zju.edu.cn.wechatfood.DAO.ProductInfoDao.
JSR-330 'javax.inject.Inject' annotation found and supported for autowiring
Building JPA container EntityManagerFactory for persistence unit 'default'
HHH000204: Processing PersistenceUnitInfo [
	name: default
	...]
HHH000412: Hibernate Core {5.0.12.Final}
HHH000206: hibernate.properties not found
HHH000021: Bytecode provider name : javassist
HCANN000001: Hibernate Commons Annotations {5.0.1.Final}
HHH000400: Using dialect: org.hibernate.dialect.MySQL5Dialect
Initialized JPA EntityManagerFactory for persistence unit 'default'
Looking for @ControllerAdvice: org.springframework.web.context.support.GenericWebApplicationContext@565f390: startup date [Thu Dec 06 18:20:31 CST 2018]; root of context hierarchy
Mapped "{[/buyer/product/list],methods=[GET]}" onto public zju.edu.cn.wechatfood.VO.ResultVO zju.edu.cn.wechatfood.Controller.BuyerProductController.list()
Mapped "{[/error]}" onto public org.springframework.http.ResponseEntity<java.util.Map<java.lang.String, java.lang.Object>> org.springframework.boot.autoconfigure.web.BasicErrorController.error(javax.servlet.http.HttpServletRequest)
Mapped "{[/error],produces=[text/html]}" onto public org.springframework.web.servlet.ModelAndView org.springframework.boot.autoconfigure.web.BasicErrorController.errorHtml(javax.servlet.http.HttpServletRequest,javax.servlet.http.HttpServletResponse)
Mapped URL path [/webjars/**] onto handler of type [class org.springframework.web.servlet.resource.ResourceHttpRequestHandler]
Mapped URL path [/**] onto handler of type [class org.springframework.web.servlet.resource.ResourceHttpRequestHandler]
Mapped URL path [/**/favicon.ico] onto handler of type [class org.springframework.web.servlet.resource.ResourceHttpRequestHandler]
SpringTemplateLoader for FreeMarker: using resource loader [org.springframework.web.context.support.GenericWebApplicationContext@565f390: startup date [Thu Dec 06 18:20:31 CST 2018]; root of context hierarchy] and template loader path [classpath:/templates/]
ClassTemplateLoader for Spring macros added to FreeMarker configuration
Cannot find template location(s): [classpath:/templates/] (please add some templates, check your FreeMarker configuration, or set spring.freemarker.checkTemplateLocation=false)
Started ProductServiceImpTest in 17.974 seconds (JVM running for 21.139)
Closing org.springframework.web.context.support.GenericWebApplicationContext@565f390: startup date [Thu Dec 06 18:20:31 CST 2018]; root of context hierarchy
Closing JPA EntityManagerFactory for persistence unit 'default'
Starting WechatfoodApplication on DESKTOP-VDFK1AB with PID 10008 (F:\IDEA\wechatfood\target\classes started by shen in F:\IDEA\wechatfood)
No active profile set, falling back to default profiles: default
Refreshing org.springframework.boot.context.embedded.AnnotationConfigEmbeddedWebApplicationContext@7d20d0b: startup date [Thu Dec 06 19:36:27 CST 2018]; root of context hierarchy
HV000001: Hibernate Validator 5.3.5.Final
Multiple Spring Data modules found, entering strict repository configuration mode!
Multiple Spring Data modules found, entering strict repository configuration mode!
Spring Data Redis - Could not safely identify store assignment for repository candidate interface zju.edu.cn.wechatfood.DAO.OrderMasterDao.
Spring Data Redis - Could not safely identify store assignment for repository candidate interface zju.edu.cn.wechatfood.DAO.OrderDetailDao.
Spring Data Redis - Could not safely identify store assignment for repository candidate interface zju.edu.cn.wechatfood.DAO.ProductCategoryDao.
Spring Data Redis - Could not safely identify store assignment for repository candidate interface zju.edu.cn.wechatfood.DAO.ProductInfoDao.
JSR-330 'javax.inject.Inject' annotation found and supported for autowiring
Tomcat initialized with port(s): 8080 (http)
Starting service Tomcat
Starting Servlet Engine: Apache Tomcat/8.5.14
Initializing Spring embedded WebApplicationContext
Root WebApplicationContext: initialization completed in 9111 ms
Mapping servlet: 'dispatcherServlet' to [/]
Mapping filter: 'characterEncodingFilter' to: [/*]
Mapping filter: 'hiddenHttpMethodFilter' to: [/*]
Mapping filter: 'httpPutFormContentFilter' to: [/*]
Mapping filter: 'requestContextFilter' to: [/*]
Building JPA container EntityManagerFactory for persistence unit 'default'
HHH000204: Processing PersistenceUnitInfo [
	name: default
	...]
HHH000412: Hibernate Core {5.0.12.Final}
HHH000206: hibernate.properties not found
HHH000021: Bytecode provider name : javassist
HCANN000001: Hibernate Commons Annotations {5.0.1.Final}
HHH000400: Using dialect: org.hibernate.dialect.MySQL5Dialect
Initialized JPA EntityManagerFactory for persistence unit 'default'
Looking for @ControllerAdvice: org.springframework.boot.context.embedded.AnnotationConfigEmbeddedWebApplicationContext@7d20d0b: startup date [Thu Dec 06 19:36:27 CST 2018]; root of context hierarchy
Mapped "{[/buyer/order/create],methods=[POST]}" onto public zju.edu.cn.wechatfood.VO.ResultVO<java.util.Map<java.lang.String, java.lang.String>> zju.edu.cn.wechatfood.Controller.BuyerOrderController.create(zju.edu.cn.wechatfood.form.OrderForm,org.springframework.validation.BindingResult)
Mapped "{[/buyer/product/list],methods=[GET]}" onto public zju.edu.cn.wechatfood.VO.ResultVO zju.edu.cn.wechatfood.Controller.BuyerProductController.list()
Mapped "{[/error]}" onto public org.springframework.http.ResponseEntity<java.util.Map<java.lang.String, java.lang.Object>> org.springframework.boot.autoconfigure.web.BasicErrorController.error(javax.servlet.http.HttpServletRequest)
Mapped "{[/error],produces=[text/html]}" onto public org.springframework.web.servlet.ModelAndView org.springframework.boot.autoconfigure.web.BasicErrorController.errorHtml(javax.servlet.http.HttpServletRequest,javax.servlet.http.HttpServletResponse)
Mapped URL path [/webjars/**] onto handler of type [class org.springframework.web.servlet.resource.ResourceHttpRequestHandler]
Mapped URL path [/**] onto handler of type [class org.springframework.web.servlet.resource.ResourceHttpRequestHandler]
Mapped URL path [/**/favicon.ico] onto handler of type [class org.springframework.web.servlet.resource.ResourceHttpRequestHandler]
SpringTemplateLoader for FreeMarker: using resource loader [org.springframework.boot.context.embedded.AnnotationConfigEmbeddedWebApplicationContext@7d20d0b: startup date [Thu Dec 06 19:36:27 CST 2018]; root of context hierarchy] and template loader path [classpath:/templates/]
ClassTemplateLoader for Spring macros added to FreeMarker configuration
Cannot find template location(s): [classpath:/templates/] (please add some templates, check your FreeMarker configuration, or set spring.freemarker.checkTemplateLocation=false)
Registering beans for JMX exposure on startup
Initializing ProtocolHandler ["http-nio-8080"]
Starting ProtocolHandler ["http-nio-8080"]
Using a shared selector for servlet write/read
Tomcat started on port(s): 8080 (http)
Started WechatfoodApplication in 28.08 seconds (JVM running for 43.182)
Initializing Spring FrameworkServlet 'dispatcherServlet'
FrameworkServlet 'dispatcherServlet': initialization started
FrameworkServlet 'dispatcherServlet': initialization completed in 70 ms
Request method 'GET' not supported
Request method 'GET' not supported
Request method 'GET' not supported
Request method 'GET' not supported
Request method 'GET' not supported
Starting WechatfoodApplication on DESKTOP-VDFK1AB with PID 8656 (F:\IDEA\wechatfood\target\classes started by shen in F:\IDEA\wechatfood)
No active profile set, falling back to default profiles: default
Refreshing org.springframework.boot.context.embedded.AnnotationConfigEmbeddedWebApplicationContext@7d20d0b: startup date [Thu Dec 06 20:06:03 CST 2018]; root of context hierarchy
HV000001: Hibernate Validator 5.3.5.Final
Multiple Spring Data modules found, entering strict repository configuration mode!
Multiple Spring Data modules found, entering strict repository configuration mode!
Spring Data Redis - Could not safely identify store assignment for repository candidate interface zju.edu.cn.wechatfood.DAO.OrderMasterDao.
Spring Data Redis - Could not safely identify store assignment for repository candidate interface zju.edu.cn.wechatfood.DAO.OrderDetailDao.
Spring Data Redis - Could not safely identify store assignment for repository candidate interface zju.edu.cn.wechatfood.DAO.ProductCategoryDao.
Spring Data Redis - Could not safely identify store assignment for repository candidate interface zju.edu.cn.wechatfood.DAO.ProductInfoDao.
JSR-330 'javax.inject.Inject' annotation found and supported for autowiring
Tomcat initialized with port(s): 8080 (http)
Starting service Tomcat
Starting Servlet Engine: Apache Tomcat/8.5.14
Initializing Spring embedded WebApplicationContext
Root WebApplicationContext: initialization completed in 4687 ms
Mapping servlet: 'dispatcherServlet' to [/]
Mapping filter: 'characterEncodingFilter' to: [/*]
Mapping filter: 'hiddenHttpMethodFilter' to: [/*]
Mapping filter: 'httpPutFormContentFilter' to: [/*]
Mapping filter: 'requestContextFilter' to: [/*]
Building JPA container EntityManagerFactory for persistence unit 'default'
HHH000204: Processing PersistenceUnitInfo [
	name: default
	...]
HHH000412: Hibernate Core {5.0.12.Final}
HHH000206: hibernate.properties not found
HHH000021: Bytecode provider name : javassist
HCANN000001: Hibernate Commons Annotations {5.0.1.Final}
HHH000400: Using dialect: org.hibernate.dialect.MySQL5Dialect
Initialized JPA EntityManagerFactory for persistence unit 'default'
Looking for @ControllerAdvice: org.springframework.boot.context.embedded.AnnotationConfigEmbeddedWebApplicationContext@7d20d0b: startup date [Thu Dec 06 20:06:03 CST 2018]; root of context hierarchy
Mapped "{[/buyer/order/create],methods=[POST]}" onto public zju.edu.cn.wechatfood.VO.ResultVO<java.util.Map<java.lang.String, java.lang.String>> zju.edu.cn.wechatfood.Controller.BuyerOrderController.create(zju.edu.cn.wechatfood.form.OrderForm,org.springframework.validation.BindingResult)
Mapped "{[/buyer/product/list],methods=[GET]}" onto public zju.edu.cn.wechatfood.VO.ResultVO zju.edu.cn.wechatfood.Controller.BuyerProductController.list()
Mapped "{[/error]}" onto public org.springframework.http.ResponseEntity<java.util.Map<java.lang.String, java.lang.Object>> org.springframework.boot.autoconfigure.web.BasicErrorController.error(javax.servlet.http.HttpServletRequest)
Mapped "{[/error],produces=[text/html]}" onto public org.springframework.web.servlet.ModelAndView org.springframework.boot.autoconfigure.web.BasicErrorController.errorHtml(javax.servlet.http.HttpServletRequest,javax.servlet.http.HttpServletResponse)
Mapped URL path [/webjars/**] onto handler of type [class org.springframework.web.servlet.resource.ResourceHttpRequestHandler]
Mapped URL path [/**] onto handler of type [class org.springframework.web.servlet.resource.ResourceHttpRequestHandler]
Mapped URL path [/**/favicon.ico] onto handler of type [class org.springframework.web.servlet.resource.ResourceHttpRequestHandler]
SpringTemplateLoader for FreeMarker: using resource loader [org.springframework.boot.context.embedded.AnnotationConfigEmbeddedWebApplicationContext@7d20d0b: startup date [Thu Dec 06 20:06:03 CST 2018]; root of context hierarchy] and template loader path [classpath:/templates/]
ClassTemplateLoader for Spring macros added to FreeMarker configuration
Cannot find template location(s): [classpath:/templates/] (please add some templates, check your FreeMarker configuration, or set spring.freemarker.checkTemplateLocation=false)
Registering beans for JMX exposure on startup
Initializing ProtocolHandler ["http-nio-8080"]
Starting ProtocolHandler ["http-nio-8080"]
Using a shared selector for servlet write/read
Tomcat started on port(s): 8080 (http)
Started WechatfoodApplication in 12.407 seconds (JVM running for 19.443)
Initializing Spring FrameworkServlet 'dispatcherServlet'
FrameworkServlet 'dispatcherServlet': initialization started
FrameworkServlet 'dispatcherServlet': initialization completed in 45 ms
Starting WechatfoodApplication on DESKTOP-VDFK1AB with PID 3532 (F:\IDEA\wechatfood\target\classes started by shen in F:\IDEA\wechatfood)
No active profile set, falling back to default profiles: default
Refreshing org.springframework.boot.context.embedded.AnnotationConfigEmbeddedWebApplicationContext@7d20d0b: startup date [Thu Dec 06 20:34:38 CST 2018]; root of context hierarchy
HV000001: Hibernate Validator 5.3.5.Final
Multiple Spring Data modules found, entering strict repository configuration mode!
Multiple Spring Data modules found, entering strict repository configuration mode!
Spring Data Redis - Could not safely identify store assignment for repository candidate interface zju.edu.cn.wechatfood.DAO.OrderMasterDao.
Spring Data Redis - Could not safely identify store assignment for repository candidate interface zju.edu.cn.wechatfood.DAO.OrderDetailDao.
Spring Data Redis - Could not safely identify store assignment for repository candidate interface zju.edu.cn.wechatfood.DAO.ProductCategoryDao.
Spring Data Redis - Could not safely identify store assignment for repository candidate interface zju.edu.cn.wechatfood.DAO.ProductInfoDao.
JSR-330 'javax.inject.Inject' annotation found and supported for autowiring
Tomcat initialized with port(s): 8080 (http)
Starting service Tomcat
Starting Servlet Engine: Apache Tomcat/8.5.14
Initializing Spring embedded WebApplicationContext
Root WebApplicationContext: initialization completed in 4847 ms
Mapping servlet: 'dispatcherServlet' to [/]
Mapping filter: 'characterEncodingFilter' to: [/*]
Mapping filter: 'hiddenHttpMethodFilter' to: [/*]
Mapping filter: 'httpPutFormContentFilter' to: [/*]
Mapping filter: 'requestContextFilter' to: [/*]
Building JPA container EntityManagerFactory for persistence unit 'default'
HHH000204: Processing PersistenceUnitInfo [
	name: default
	...]
HHH000412: Hibernate Core {5.0.12.Final}
HHH000206: hibernate.properties not found
HHH000021: Bytecode provider name : javassist
HCANN000001: Hibernate Commons Annotations {5.0.1.Final}
HHH000400: Using dialect: org.hibernate.dialect.MySQL5Dialect
Initialized JPA EntityManagerFactory for persistence unit 'default'
Looking for @ControllerAdvice: org.springframework.boot.context.embedded.AnnotationConfigEmbeddedWebApplicationContext@7d20d0b: startup date [Thu Dec 06 20:34:38 CST 2018]; root of context hierarchy
Mapped "{[/buyer/order/create],methods=[POST]}" onto public zju.edu.cn.wechatfood.VO.ResultVO<java.util.Map<java.lang.String, java.lang.String>> zju.edu.cn.wechatfood.Controller.BuyerOrderController.create(zju.edu.cn.wechatfood.form.OrderForm,org.springframework.validation.BindingResult)
Mapped "{[/buyer/order/list],methods=[GET]}" onto public zju.edu.cn.wechatfood.VO.ResultVO<java.util.List<zju.edu.cn.wechatfood.dto.OrderDTO>> zju.edu.cn.wechatfood.Controller.BuyerOrderController.list(java.lang.String,java.lang.Integer,java.lang.Integer)
Mapped "{[/buyer/product/list],methods=[GET]}" onto public zju.edu.cn.wechatfood.VO.ResultVO zju.edu.cn.wechatfood.Controller.BuyerProductController.list()
Mapped "{[/error]}" onto public org.springframework.http.ResponseEntity<java.util.Map<java.lang.String, java.lang.Object>> org.springframework.boot.autoconfigure.web.BasicErrorController.error(javax.servlet.http.HttpServletRequest)
Mapped "{[/error],produces=[text/html]}" onto public org.springframework.web.servlet.ModelAndView org.springframework.boot.autoconfigure.web.BasicErrorController.errorHtml(javax.servlet.http.HttpServletRequest,javax.servlet.http.HttpServletResponse)
Mapped URL path [/webjars/**] onto handler of type [class org.springframework.web.servlet.resource.ResourceHttpRequestHandler]
Mapped URL path [/**] onto handler of type [class org.springframework.web.servlet.resource.ResourceHttpRequestHandler]
Mapped URL path [/**/favicon.ico] onto handler of type [class org.springframework.web.servlet.resource.ResourceHttpRequestHandler]
SpringTemplateLoader for FreeMarker: using resource loader [org.springframework.boot.context.embedded.AnnotationConfigEmbeddedWebApplicationContext@7d20d0b: startup date [Thu Dec 06 20:34:38 CST 2018]; root of context hierarchy] and template loader path [classpath:/templates/]
ClassTemplateLoader for Spring macros added to FreeMarker configuration
Cannot find template location(s): [classpath:/templates/] (please add some templates, check your FreeMarker configuration, or set spring.freemarker.checkTemplateLocation=false)
Registering beans for JMX exposure on startup
Initializing ProtocolHandler ["http-nio-8080"]
Starting ProtocolHandler ["http-nio-8080"]
Using a shared selector for servlet write/read
Tomcat started on port(s): 8080 (http)
Started WechatfoodApplication in 11.064 seconds (JVM running for 13.873)
